# JRE version: OpenJDK Runtime Environment (11.0.12+7) (build 11.0.12+7-b1504.28-7817840)
# Java VM: OpenJDK 64-Bit Server VM (11.0.12+7-b1504.28-7817840, mixed mode, tiered, compressed oops, g1 gc, windows-amd64)
Heap:
 garbage-first heap   total 63488K, used 17357K [0x0000000080000000, 0x0000000100000000)
  region size 1024K, 2 young (2048K), 1 survivors (1024K)
 Metaspace       used 20763K, capacity 21212K, committed 21424K, reserved 1069056K
  class space    used 2541K, capacity 2710K, committed 2816K, reserved 1048576K
GC Heap History (14 events):
Event: 8.068 GC heap before
{Heap before GC invocations=0 (full 0):
 garbage-first heap   total 63488K, used 20480K [0x0000000080000000, 0x0000000100000000)
  region size 1024K, 14 young (14336K), 0 survivors (0K)
 Metaspace       used 6746K, capacity 6929K, committed 7168K, reserved 1056768K
  class space    used 582K, capacity 650K, committed 768K, reserved 1048576K
}
Event: 8.122 GC heap after
{Heap after GC invocations=1 (full 0):
 garbage-first heap   total 63488K, used 7875K [0x0000000080000000, 0x0000000100000000)
  region size 1024K, 2 young (2048K), 2 survivors (2048K)
 Metaspace       used 6746K, capacity 6929K, committed 7168K, reserved 1056768K
  class space    used 582K, capacity 650K, committed 768K, reserved 1048576K
}
Event: 11.648 GC heap before
{Heap before GC invocations=1 (full 0):
 garbage-first heap   total 63488K, used 19139K [0x0000000080000000, 0x0000000100000000)
  region size 1024K, 13 young (13312K), 2 survivors (2048K)
 Metaspace       used 9908K, capacity 10122K, committed 10368K, reserved 1058816K
  class space    used 1028K, capacity 1102K, committed 1152K, reserved 1048576K
}
Event: 11.655 GC heap after
{Heap after GC invocations=2 (full 0):
 garbage-first heap   total 63488K, used 9552K [0x0000000080000000, 0x0000000100000000)
  region size 1024K, 2 young (2048K), 2 survivors (2048K)
 Metaspace       used 9908K, capacity 10122K, committed 10368K, reserved 1058816K
  class space    used 1028K, capacity 1102K, committed 1152K, reserved 1048576K
}
Event: 14.304 GC heap before
{Heap before GC invocations=2 (full 0):
 garbage-first heap   total 63488K, used 32080K [0x0000000080000000, 0x0000000100000000)
  region size 1024K, 24 young (24576K), 2 survivors (2048K)
 Metaspace       used 10829K, capacity 11013K, committed 11264K, reserved 1058816K
  class space    used 1130K, capacity 1207K, committed 1280K, reserved 1048576K
}
Event: 14.310 GC heap after
{Heap after GC invocations=3 (full 0):
 garbage-first heap   total 63488K, used 9882K [0x0000000080000000, 0x0000000100000000)
  region size 1024K, 2 young (2048K), 2 survivors (2048K)
 Metaspace       used 10829K, capacity 11013K, committed 11264K, reserved 1058816K
  class space    used 1130K, capacity 1207K, committed 1280K, reserved 1048576K
}
Event: 16.092 GC heap before
{Heap before GC invocations=3 (full 0):
 garbage-first heap   total 63488K, used 35482K [0x0000000080000000, 0x0000000100000000)
  region size 1024K, 27 young (27648K), 2 survivors (2048K)
 Metaspace       used 11298K, capacity 11517K, committed 11648K, reserved 1058816K
  class space    used 1228K, capacity 1311K, committed 1408K, reserved 1048576K
}
Event: 16.103 GC heap after
{Heap after GC invocations=4 (full 0):
 garbage-first heap   total 63488K, used 14319K [0x0000000080000000, 0x0000000100000000)
  region size 1024K, 4 young (4096K), 4 survivors (4096K)
 Metaspace       used 11298K, capacity 11517K, committed 11648K, reserved 1058816K
  class space    used 1228K, capacity 1311K, committed 1408K, reserved 1048576K
}
Event: 131.615 GC heap before
{Heap before GC invocations=4 (full 0):
 garbage-first heap   total 63488K, used 38895K [0x0000000080000000, 0x0000000100000000)
  region size 1024K, 29 young (29696K), 4 survivors (4096K)
 Metaspace       used 17853K, capacity 18208K, committed 18432K, reserved 1064960K
  class space    used 2094K, capacity 2241K, committed 2304K, reserved 1048576K
}
Event: 132.580 GC heap after
{Heap after GC invocations=5 (full 0):
 garbage-first heap   total 63488K, used 16541K [0x0000000080000000, 0x0000000100000000)
  region size 1024K, 3 young (3072K), 3 survivors (3072K)
 Metaspace       used 17853K, capacity 18208K, committed 18432K, reserved 1064960K
  class space    used 2094K, capacity 2241K, committed 2304K, reserved 1048576K
}
Event: 150.309 GC heap before
{Heap before GC invocations=5 (full 0):
 garbage-first heap   total 63488K, used 30877K [0x0000000080000000, 0x0000000100000000)
  region size 1024K, 18 young (18432K), 3 survivors (3072K)
 Metaspace       used 19568K, capacity 19956K, committed 20224K, reserved 1067008K
  class space    used 2370K, capacity 2504K, committed 2560K, reserved 1048576K
}
Event: 150.452 GC heap after
{Heap after GC invocations=6 (full 0):
 garbage-first heap   total 63488K, used 16992K [0x0000000080000000, 0x0000000100000000)
  region size 1024K, 1 young (1024K), 1 survivors (1024K)
 Metaspace       used 19568K, capacity 19956K, committed 20224K, reserved 1067008K
  class space    used 2370K, capacity 2504K, committed 2560K, reserved 1048576K
}
Event: 157.144 GC heap before
{Heap before GC invocations=6 (full 0):
 garbage-first heap   total 63488K, used 28256K [0x0000000080000000, 0x0000000100000000)
  region size 1024K, 13 young (13312K), 1 survivors (1024K)
 Metaspace       used 20742K, capacity 21180K, committed 21296K, reserved 1069056K
  class space    used 2533K, capacity 2678K, committed 2688K, reserved 1048576K
}
Event: 157.200 GC heap after
{Heap after GC invocations=7 (full 0):
 garbage-first heap   total 63488K, used 17357K [0x0000000080000000, 0x0000000100000000)
  region size 1024K, 1 young (1024K), 1 survivors (1024K)
 Metaspace       used 20742K, capacity 21180K, committed 21296K, reserved 1069056K
  class space    used 2533K, capacity 2678K, committed 2688K, reserved 1048576K
}

